Build started 03-Mar-17 4:49:30 AM.
     1>Project "C:\Users\Lee\Desktop\SP4\SP4\Base\Base.vcxproj" on node 2 (Build target(s)).
     1>ClCompile:
         C:\Program Files (x86)\Microsoft Visual Studio 12.0\VC\bin\CL.exe /c /IC:\Users\Lee\Desktop\SP4\SP4\\Base\Source\Lua /IC:\Users\Lee\Desktop\SP4\SP4\\irrklang\include /IC:\Users\Lee\Desktop\SP4\SP4\/Common/Source /IC:\Users\Lee\Desktop\SP4\SP4\/glew/include /IC:\Users\Lee\Desktop\SP4\SP4\/glfw/include /Zi /nologo /W3 /WX- /O2 /Oi /Oy- /GL /D _VARIADIC_MAX=10 /D WIN32 /D NDEBUG /D _CONSOLE /D _UNICODE /D UNICODE /Gm- /EHsc /MD /GS /Gy /fp:precise /Zc:wchar_t /Zc:forScope /Fo"Release\\" /Fd"Release\vc120.pdb" /Gd /TP /analyze- /errorReport:prompt Source\SceneText.cpp
         SceneText.cpp
     1>C:\Users\Lee\Desktop\SP4\SP4\Common\Source\EntityBase.h(33): warning C4244: '=' : conversion from 'const int' to 'float', possible loss of data
     1>c:\users\lee\desktop\sp4\sp4\base\source\playerinfo\../SpriteAnimation/SpriteAnimation.h(37): warning C4244: '=' : conversion from 'float' to 'int', possible loss of data
     1>c:\users\lee\desktop\sp4\sp4\base\source\playerinfo\../SpriteAnimation/SpriteAnimation.h(39): warning C4244: '=' : conversion from 'float' to 'int', possible loss of data
     1>c:\users\lee\desktop\sp4\sp4\base\source\SceneText.h(20): warning C4099: 'Color' : type name first seen using 'struct' now seen using 'class'
                 C:\Users\Lee\Desktop\SP4\SP4\Common\Source\Vertex.h(14) : see declaration of 'Color'
     1>C:\Users\Lee\Desktop\SP4\SP4\Common\Source\MouseController.h(50): warning C4244: 'argument' : conversion from 'double' to 'float', possible loss of data
     1>c:\users\lee\desktop\sp4\sp4\base\source\level\Room.h(77): warning C4244: 'argument' : conversion from 'const int' to 'float', possible loss of data
     1>c:\users\lee\desktop\sp4\sp4\base\source\BatchRendering.h(4): warning C4067: unexpected tokens following preprocessor directive - expected a newline
     1>Source\SceneText.cpp(84): warning C4244: 'initializing' : conversion from 'time_t' to 'unsigned int', possible loss of data
     1>Source\SceneText.cpp(141): warning C4244: 'initializing' : conversion from 'int' to 'float', possible loss of data
     1>Source\SceneText.cpp(142): warning C4244: 'initializing' : conversion from 'int' to 'float', possible loss of data
     1>Source\SceneText.cpp(252): warning C4244: 'argument' : conversion from 'float' to 'int', possible loss of data
       Link:
         C:\Program Files (x86)\Microsoft Visual Studio 12.0\VC\bin\link.exe /ERRORREPORT:PROMPT /OUT:"C:\Users\Lee\Desktop\SP4\SP4\Release\Base.exe" /INCREMENTAL:NO /NOLOGO /LIBPATH:C:\Users\Lee\Desktop\SP4\SP4\\Common\Source /LIBPATH:C:\Users\Lee\Desktop\SP4\SP4\\Lua\lib /LIBPATH:C:\Users\Lee\Desktop\SP4\SP4\\irrklang\lib /LIBPATH:C:\Users\Lee\Desktop\SP4\SP4\Release /LIBPATH:"C:\Users\Lee\Desktop\SP4\SP4\/glfw/lib-msvc100" /LIBPATH:C:\Users\Lee\Desktop\SP4\SP4\/glew/lib Common.lib winmm.lib opengl32.lib glu32.lib glew32.lib glfw3.lib irrKlang.lib lua5.1.lib kernel32.lib user32.lib gdi32.lib winspool.lib comdlg32.lib advapi32.lib shell32.lib ole32.lib oleaut32.lib uuid.lib odbc32.lib odbccp32.lib /MANIFEST /MANIFESTUAC:"level='asInvoker' uiAccess='false'" /manifest:embed /DEBUG /PDB:"C:\Users\Lee\Desktop\SP4\SP4\Release\Base.pdb" /SUBSYSTEM:CONSOLE /OPT:REF /OPT:ICF /LTCG /TLBID:1 /DYNAMICBASE /NXCOMPAT /IMPLIB:"C:\Users\Lee\Desktop\SP4\SP4\Release\Base.lib" /MACHINE:X86 /SAFESEH Release\Application.obj
         Release\BatchRendering.obj
         Release\Camera.obj
         Release\Enemy2D.obj
         Release\Reaper.obj
         Release\Smoke.obj
         Release\Spitter.obj
         Release\FlyingTongue.obj
         Release\Skull.obj
         Release\EntityManager.obj
         Release\FPSCamera.obj
         Release\HelpState.obj
         Release\IntroState.obj
         Release\LoseState.obj
         Release\MenuState.obj
         Release\WinState.obj
         Release\GenericEntity.obj
         Release\Powerup.obj
         Release\Treasure.obj
         Release\GenerateHeatmap.obj
         Release\Grid.obj
         Release\Heatmap.obj
         Release\Level.obj
         Release\Minimap.obj
         Release\Room.obj
         Release\SpatialPartition.obj
         Release\Light.obj
         Release\LuaInterface.obj
         Release\main.obj
         Release\OBJMesh.obj
         Release\Obstacle.obj
         Release\Particle.obj
         Release\PlayerInfo.obj
         Release\Ghast.obj
         Release\Laser.obj
         Release\Projectile.obj
         Release\Scythe.obj
         Release\Spit.obj
         Release\Transform.obj
         Release\UpdateTransformation.obj
         Release\SceneText.obj
         Release\SoundManager.obj
         Release\SpriteAnimation.obj
         Release\SpriteEntity.obj
         Release\TextEntity.obj
         Generating code
     1>c:\users\lee\desktop\sp4\sp4\base\source\level\spatialpartition.cpp(253): warning C4715: 'CSpatialPartition::GetGridType' : not all control paths return a value
     1>c:\users\lee\desktop\sp4\sp4\base\source\level\spatialpartition.cpp(245): warning C4715: 'CSpatialPartition::GetGridPos' : not all control paths return a value
         Finished generating code
     1>Common.lib(KeyboardController.obj) : warning LNK4099: PDB 'vc120.pdb' was not found with 'Common.lib(KeyboardController.obj)' or at 'C:\Users\Lee\Desktop\SP4\SP4\Release\vc120.pdb'; linking object as if no debug info
     1>Common.lib(SceneManager.obj) : warning LNK4099: PDB 'vc120.pdb' was not found with 'Common.lib(SceneManager.obj)' or at 'C:\Users\Lee\Desktop\SP4\SP4\Release\vc120.pdb'; linking object as if no debug info
     1>Common.lib(MouseController.obj) : warning LNK4099: PDB 'vc120.pdb' was not found with 'Common.lib(MouseController.obj)' or at 'C:\Users\Lee\Desktop\SP4\SP4\Release\vc120.pdb'; linking object as if no debug info
     1>Common.lib(GraphicsManager.obj) : warning LNK4099: PDB 'vc120.pdb' was not found with 'Common.lib(GraphicsManager.obj)' or at 'C:\Users\Lee\Desktop\SP4\SP4\Release\vc120.pdb'; linking object as if no debug info
     1>Common.lib(ShaderProgram.obj) : warning LNK4099: PDB 'vc120.pdb' was not found with 'Common.lib(ShaderProgram.obj)' or at 'C:\Users\Lee\Desktop\SP4\SP4\Release\vc120.pdb'; linking object as if no debug info
     1>Common.lib(timer.obj) : warning LNK4099: PDB 'vc120.pdb' was not found with 'Common.lib(timer.obj)' or at 'C:\Users\Lee\Desktop\SP4\SP4\Release\vc120.pdb'; linking object as if no debug info
     1>Common.lib(Vector3.obj) : warning LNK4099: PDB 'vc120.pdb' was not found with 'Common.lib(Vector3.obj)' or at 'C:\Users\Lee\Desktop\SP4\SP4\Release\vc120.pdb'; linking object as if no debug info
     1>Common.lib(RenderHelper.obj) : warning LNK4099: PDB 'vc120.pdb' was not found with 'Common.lib(RenderHelper.obj)' or at 'C:\Users\Lee\Desktop\SP4\SP4\Release\vc120.pdb'; linking object as if no debug info
     1>Common.lib(EntityBase.obj) : warning LNK4099: PDB 'vc120.pdb' was not found with 'Common.lib(EntityBase.obj)' or at 'C:\Users\Lee\Desktop\SP4\SP4\Release\vc120.pdb'; linking object as if no debug info
     1>Common.lib(LoadTGA.obj) : warning LNK4099: PDB 'vc120.pdb' was not found with 'Common.lib(LoadTGA.obj)' or at 'C:\Users\Lee\Desktop\SP4\SP4\Release\vc120.pdb'; linking object as if no debug info
     1>Common.lib(Mtx44.obj) : warning LNK4099: PDB 'vc120.pdb' was not found with 'Common.lib(Mtx44.obj)' or at 'C:\Users\Lee\Desktop\SP4\SP4\Release\vc120.pdb'; linking object as if no debug info
     1>Common.lib(CameraBase.obj) : warning LNK4099: PDB 'vc120.pdb' was not found with 'Common.lib(CameraBase.obj)' or at 'C:\Users\Lee\Desktop\SP4\SP4\Release\vc120.pdb'; linking object as if no debug info
     1>Common.lib(Collider.obj) : warning LNK4099: PDB 'vc120.pdb' was not found with 'Common.lib(Collider.obj)' or at 'C:\Users\Lee\Desktop\SP4\SP4\Release\vc120.pdb'; linking object as if no debug info
     1>Common.lib(MatrixStack.obj) : warning LNK4099: PDB 'vc120.pdb' was not found with 'Common.lib(MatrixStack.obj)' or at 'C:\Users\Lee\Desktop\SP4\SP4\Release\vc120.pdb'; linking object as if no debug info
     1>Common.lib(Mesh.obj) : warning LNK4099: PDB 'vc120.pdb' was not found with 'Common.lib(Mesh.obj)' or at 'C:\Users\Lee\Desktop\SP4\SP4\Release\vc120.pdb'; linking object as if no debug info
     1>Common.lib(LightBase.obj) : warning LNK4099: PDB 'vc120.pdb' was not found with 'Common.lib(LightBase.obj)' or at 'C:\Users\Lee\Desktop\SP4\SP4\Release\vc120.pdb'; linking object as if no debug info
     1>Common.lib(LoadOBJ.obj) : warning LNK4099: PDB 'vc120.pdb' was not found with 'Common.lib(LoadOBJ.obj)' or at 'C:\Users\Lee\Desktop\SP4\SP4\Release\vc120.pdb'; linking object as if no debug info
         Base.vcxproj -> C:\Users\Lee\Desktop\SP4\SP4\Release\Base.exe
     1>Done Building Project "C:\Users\Lee\Desktop\SP4\SP4\Base\Base.vcxproj" (Build target(s)).

Build succeeded.

Time Elapsed 00:00:04.86
