Build started 03-Mar-17 3:06:18 AM.
     1>Project "C:\Users\Lee\Desktop\SP4\SP4\Common\Common.vcxproj" on node 2 (Build target(s)).
     1>Lib:
         C:\Program Files (x86)\Microsoft Visual Studio 12.0\VC\bin\Lib.exe /OUT:"C:\Users\Lee\Desktop\SP4\SP4\Release\Common.lib" /NOLOGO /LTCG Release\CameraBase.obj
         Release\Collider.obj
         Release\EntityBase.obj
         Release\GraphicsManager.obj
         Release\KeyboardController.obj
         Release\LightBase.obj
         Release\LoadOBJ.obj
         Release\LoadTGA.obj
         Release\MathUtility.obj
         Release\MatrixStack.obj
         Release\Mesh.obj
         Release\MeshBuilder.obj
         Release\MouseController.obj
         Release\Mtx44.obj
         Release\RenderHelper.obj
         Release\SceneManager.obj
         Release\ShaderProgram.obj
         Release\timer.obj
         Release\Utility.obj
         Release\Vector2.obj
         Release\Vector3.obj
         Release\Win32Input.obj
         Common.vcxproj -> C:\Users\Lee\Desktop\SP4\SP4\Release\Common.lib
     1>Done Building Project "C:\Users\Lee\Desktop\SP4\SP4\Common\Common.vcxproj" (Build target(s)).

Build succeeded.

Time Elapsed 00:00:01.05
