Build started 23-Feb-17 1:22:00 AM.
     1>Project "C:\Users\SHEEP\Desktop\SP_04\SP4\Common\Common.vcxproj" on node 2 (Build target(s)).
     1>ClCompile:
         A:\Visual Studio\VC\bin\CL.exe /c /IC:\Users\SHEEP\Desktop\SP_04\SP4\/glew/include /IC:\Users\SHEEP\Desktop\SP_04\SP4\/glfw/include /ZI /nologo /W3 /WX- /Od /Oy- /D _VARIADIC_MAX=10 /D WIN32 /D _DEBUG /D _LIB /D _UNICODE /D UNICODE /Gm /EHsc /RTC1 /MDd /GS /fp:precise /Zc:wchar_t /Zc:forScope /Fo"Debug\\" /Fd"Debug\vc120.pdb" /Gd /TP /analyze- /errorReport:prompt Source\MeshBuilder.cpp
         MeshBuilder.cpp
     1>c:\users\sheep\desktop\sp_04\sp4\base\source\spriteanimation\spriteanimation.h(36): warning C4244: '=' : conversion from 'float' to 'int', possible loss of data
     1>c:\users\sheep\desktop\sp_04\sp4\base\source\spriteanimation\spriteanimation.h(38): warning C4244: '=' : conversion from 'float' to 'int', possible loss of data
       Lib:
         A:\Visual Studio\VC\bin\Lib.exe /OUT:"C:\Users\SHEEP\Desktop\SP_04\SP4\Debug\Common.lib" /NOLOGO Debug\CameraBase.obj
         Debug\Collider.obj
         Debug\EntityBase.obj
         Debug\GraphicsManager.obj
         Debug\KeyboardController.obj
         Debug\LightBase.obj
         Debug\LoadOBJ.obj
         Debug\LoadTGA.obj
         Debug\MathUtility.obj
         Debug\MatrixStack.obj
         Debug\Mesh.obj
         Debug\MeshBuilder.obj
         Debug\MouseController.obj
         Debug\Mtx44.obj
         Debug\RenderHelper.obj
         Debug\SceneManager.obj
         Debug\ShaderProgram.obj
         Debug\timer.obj
         Debug\Utility.obj
         Debug\Vector2.obj
         Debug\Vector3.obj
         Debug\Win32Input.obj
         Common.vcxproj -> C:\Users\SHEEP\Desktop\SP_04\SP4\Debug\Common.lib
     1>Done Building Project "C:\Users\SHEEP\Desktop\SP_04\SP4\Common\Common.vcxproj" (Build target(s)).

Build succeeded.

Time Elapsed 00:00:00.78
