Build started 2/28/2017 2:47:34 PM.
     1>Project "C:\Users\155118A\Desktop\SP4\SP4\Base\Base.vcxproj" on node 2 (Build target(s)).
     1>ClCompile:
         C:\Program Files (x86)\Microsoft Visual Studio 12.0\VC\bin\CL.exe /c /IC:\Users\155118A\Desktop\SP4\SP4\/Common/Source /IC:\Users\155118A\Desktop\SP4\SP4\/glfw/include /IC:\Users\155118A\Desktop\SP4\SP4\/glew/include /IC:\Users\155118A\Desktop\SP4\SP4\/Base/Source/Lua /ZI /nologo /W3 /WX- /Od /Oy- /D _VARIADIC_MAX=10 /D WIN32 /D _DEBUG /D _CONSOLE /D _MBCS /Gm /EHsc /RTC1 /MDd /GS /fp:precise /Zc:wchar_t /Zc:forScope /Fo"Debug\\" /Fd"Debug\vc120.pdb" /Gd /TP /analyze- /errorReport:prompt Source\GenericEntity.cpp Source\Items\Powerup.cpp Source\Items\Treasure.cpp Source\Level\GenerateHeatmap.cpp Source\Level\Level.cpp Source\Level\Minimap.cpp Source\Level\Room.cpp Source\Level\SpatialPartition.cpp Source\Obstacle\Obstacle.cpp Source\Particle\Particle.cpp Source\PlayerInfo\PlayerInfo.cpp Source\Projectile\Ghast.cpp Source\Projectile\Projectile.cpp Source\Projectile\Spit.cpp Source\SceneText.cpp Source\SpriteAnimation\SpriteAnimation.cpp Source\SpriteEntity.cpp Source\TextEntity.cpp Source\WeaponInfo\Laser.cpp
         Laser.cpp
     1>c:\users\155118a\desktop\sp4\sp4\common\source\entitybase.h(33): warning C4244: '=' : conversion from 'const int' to 'float', possible loss of data
     1>c:\users\155118a\desktop\sp4\sp4\base\source\spriteanimation\spriteanimation.h(37): warning C4244: '=' : conversion from 'float' to 'int', possible loss of data
     1>c:\users\155118a\desktop\sp4\sp4\base\source\spriteanimation\spriteanimation.h(39): warning C4244: '=' : conversion from 'float' to 'int', possible loss of data
     1>c:\users\155118a\desktop\sp4\sp4\base\source\level\room.h(79): warning C4244: 'argument' : conversion from 'const int' to 'float', possible loss of data
     1>c:\users\155118a\desktop\sp4\sp4\base\source\weaponinfo\laser.cpp(78): warning C4244: 'argument' : conversion from 'float' to 'const int', possible loss of data
         TextEntity.cpp
     1>c:\users\155118a\desktop\sp4\sp4\common\source\entitybase.h(33): warning C4244: '=' : conversion from 'const int' to 'float', possible loss of data
     1>c:\users\155118a\desktop\sp4\sp4\base\source\spriteanimation\spriteanimation.h(37): warning C4244: '=' : conversion from 'float' to 'int', possible loss of data
     1>c:\users\155118a\desktop\sp4\sp4\base\source\spriteanimation\spriteanimation.h(39): warning C4244: '=' : conversion from 'float' to 'int', possible loss of data
         SpriteEntity.cpp
     1>c:\users\155118a\desktop\sp4\sp4\common\source\entitybase.h(33): warning C4244: '=' : conversion from 'const int' to 'float', possible loss of data
     1>c:\users\155118a\desktop\sp4\sp4\base\source\spriteanimation\spriteanimation.h(37): warning C4244: '=' : conversion from 'float' to 'int', possible loss of data
     1>c:\users\155118a\desktop\sp4\sp4\base\source\spriteanimation\spriteanimation.h(39): warning C4244: '=' : conversion from 'float' to 'int', possible loss of data
         SpriteAnimation.cpp
     1>c:\users\155118a\desktop\sp4\sp4\base\source\spriteanimation\spriteanimation.h(37): warning C4244: '=' : conversion from 'float' to 'int', possible loss of data
     1>c:\users\155118a\desktop\sp4\sp4\base\source\spriteanimation\spriteanimation.h(39): warning C4244: '=' : conversion from 'float' to 'int', possible loss of data
     1>c:\users\155118a\desktop\sp4\sp4\common\source\entitybase.h(33): warning C4244: '=' : conversion from 'const int' to 'float', possible loss of data
         SceneText.cpp
     1>c:\users\155118a\desktop\sp4\sp4\common\source\entitybase.h(33): warning C4244: '=' : conversion from 'const int' to 'float', possible loss of data
     1>c:\users\155118a\desktop\sp4\sp4\base\source\spriteanimation\spriteanimation.h(37): warning C4244: '=' : conversion from 'float' to 'int', possible loss of data
     1>c:\users\155118a\desktop\sp4\sp4\base\source\spriteanimation\spriteanimation.h(39): warning C4244: '=' : conversion from 'float' to 'int', possible loss of data
     1>c:\users\155118a\desktop\sp4\sp4\base\source\scenetext.h(23): warning C4099: 'Color' : type name first seen using 'struct' now seen using 'class'
                 c:\users\155118a\desktop\sp4\sp4\common\source\vertex.h(14) : see declaration of 'Color'
     1>c:\users\155118a\desktop\sp4\sp4\common\source\mousecontroller.h(50): warning C4244: 'argument' : conversion from 'double' to 'float', possible loss of data
     1>c:\users\155118a\desktop\sp4\sp4\base\source\level\room.h(79): warning C4244: 'argument' : conversion from 'const int' to 'float', possible loss of data
     1>c:\users\155118a\desktop\sp4\sp4\base\source\scenetext.cpp(89): warning C4244: 'initializing' : conversion from 'time_t' to 'unsigned int', possible loss of data
     1>c:\users\155118a\desktop\sp4\sp4\base\source\scenetext.cpp(181): warning C4244: 'initializing' : conversion from 'int' to 'float', possible loss of data
     1>c:\users\155118a\desktop\sp4\sp4\base\source\scenetext.cpp(182): warning C4244: 'initializing' : conversion from 'int' to 'float', possible loss of data
     1>c:\users\155118a\desktop\sp4\sp4\base\source\scenetext.cpp(286): warning C4244: 'argument' : conversion from 'float' to 'int', possible loss of data
         Spit.cpp
     1>c:\users\155118a\desktop\sp4\sp4\common\source\entitybase.h(33): warning C4244: '=' : conversion from 'const int' to 'float', possible loss of data
     1>c:\users\155118a\desktop\sp4\sp4\base\source\spriteanimation\spriteanimation.h(37): warning C4244: '=' : conversion from 'float' to 'int', possible loss of data
     1>c:\users\155118a\desktop\sp4\sp4\base\source\spriteanimation\spriteanimation.h(39): warning C4244: '=' : conversion from 'float' to 'int', possible loss of data
     1>c:\users\155118a\desktop\sp4\sp4\base\source\level\room.h(79): warning C4244: 'argument' : conversion from 'const int' to 'float', possible loss of data
     1>c:\users\155118a\desktop\sp4\sp4\base\source\projectile\spit.cpp(44): warning C4244: 'argument' : conversion from 'float' to 'const int', possible loss of data
     1>c:\users\155118a\desktop\sp4\sp4\base\source\projectile\spit.cpp(61): warning C4244: 'argument' : conversion from 'double' to 'float', possible loss of data
     1>c:\users\155118a\desktop\sp4\sp4\base\source\projectile\spit.cpp(121): warning C4244: 'argument' : conversion from 'int' to 'float', possible loss of data
         Projectile.cpp
     1>c:\users\155118a\desktop\sp4\sp4\common\source\entitybase.h(33): warning C4244: '=' : conversion from 'const int' to 'float', possible loss of data
     1>c:\users\155118a\desktop\sp4\sp4\base\source\spriteanimation\spriteanimation.h(37): warning C4244: '=' : conversion from 'float' to 'int', possible loss of data
     1>c:\users\155118a\desktop\sp4\sp4\base\source\spriteanimation\spriteanimation.h(39): warning C4244: '=' : conversion from 'float' to 'int', possible loss of data
         Ghast.cpp
     1>c:\users\155118a\desktop\sp4\sp4\common\source\entitybase.h(33): warning C4244: '=' : conversion from 'const int' to 'float', possible loss of data
     1>c:\users\155118a\desktop\sp4\sp4\base\source\spriteanimation\spriteanimation.h(37): warning C4244: '=' : conversion from 'float' to 'int', possible loss of data
     1>c:\users\155118a\desktop\sp4\sp4\base\source\spriteanimation\spriteanimation.h(39): warning C4244: '=' : conversion from 'float' to 'int', possible loss of data
     1>c:\users\155118a\desktop\sp4\sp4\base\source\level\room.h(79): warning C4244: 'argument' : conversion from 'const int' to 'float', possible loss of data
     1>c:\users\155118a\desktop\sp4\sp4\base\source\projectile\ghast.cpp(44): warning C4244: 'argument' : conversion from 'float' to 'const int', possible loss of data
     1>c:\users\155118a\desktop\sp4\sp4\base\source\projectile\ghast.cpp(66): warning C4244: 'argument' : conversion from 'double' to 'float', possible loss of data
     1>c:\users\155118a\desktop\sp4\sp4\base\source\projectile\ghast.cpp(114): warning C4244: 'argument' : conversion from 'int' to 'float', possible loss of data
         PlayerInfo.cpp
     1>c:\users\155118a\desktop\sp4\sp4\common\source\entitybase.h(33): warning C4244: '=' : conversion from 'const int' to 'float', possible loss of data
     1>c:\users\155118a\desktop\sp4\sp4\base\source\spriteanimation\spriteanimation.h(37): warning C4244: '=' : conversion from 'float' to 'int', possible loss of data
     1>c:\users\155118a\desktop\sp4\sp4\base\source\spriteanimation\spriteanimation.h(39): warning C4244: '=' : conversion from 'float' to 'int', possible loss of data
     1>c:\users\155118a\desktop\sp4\sp4\common\source\mousecontroller.h(50): warning C4244: 'argument' : conversion from 'double' to 'float', possible loss of data
     1>c:\users\155118a\desktop\sp4\sp4\base\source\level\room.h(79): warning C4244: 'argument' : conversion from 'const int' to 'float', possible loss of data
     1>c:\users\155118a\desktop\sp4\sp4\base\source\playerinfo\playerinfo.cpp(84): warning C4244: '=' : conversion from 'int' to 'float', possible loss of data
     1>c:\users\155118a\desktop\sp4\sp4\base\source\playerinfo\playerinfo.cpp(85): warning C4244: '=' : conversion from 'int' to 'float', possible loss of data
     1>c:\users\155118a\desktop\sp4\sp4\base\source\playerinfo\playerinfo.cpp(114): warning C4244: '=' : conversion from 'float' to 'char', possible loss of data
     1>c:\users\155118a\desktop\sp4\sp4\base\source\playerinfo\playerinfo.cpp(115): warning C4244: '=' : conversion from 'float' to 'char', possible loss of data
     1>c:\users\155118a\desktop\sp4\sp4\base\source\playerinfo\playerinfo.cpp(116): warning C4244: '=' : conversion from 'float' to 'char', possible loss of data
     1>c:\users\155118a\desktop\sp4\sp4\base\source\playerinfo\playerinfo.cpp(117): warning C4244: '=' : conversion from 'float' to 'char', possible loss of data
     1>c:\users\155118a\desktop\sp4\sp4\base\source\playerinfo\playerinfo.cpp(136): warning C4244: 'argument' : conversion from 'float' to 'const int', possible loss of data
     1>c:\users\155118a\desktop\sp4\sp4\base\source\playerinfo\playerinfo.cpp(139): warning C4244: 'initializing' : conversion from 'float' to 'int', possible loss of data
     1>c:\users\155118a\desktop\sp4\sp4\base\source\playerinfo\playerinfo.cpp(140): warning C4244: 'initializing' : conversion from 'float' to 'int', possible loss of data
     1>c:\users\155118a\desktop\sp4\sp4\base\source\playerinfo\playerinfo.cpp(151): warning C4244: 'argument' : conversion from 'const int' to 'float', possible loss of data
     1>c:\users\155118a\desktop\sp4\sp4\base\source\playerinfo\playerinfo.cpp(152): warning C4244: 'argument' : conversion from 'const int' to 'float', possible loss of data
     1>c:\users\155118a\desktop\sp4\sp4\base\source\playerinfo\playerinfo.cpp(154): warning C4244: 'initializing' : conversion from 'int' to 'float', possible loss of data
     1>c:\users\155118a\desktop\sp4\sp4\base\source\playerinfo\playerinfo.cpp(155): warning C4244: 'initializing' : conversion from 'int' to 'float', possible loss of data
     1>c:\users\155118a\desktop\sp4\sp4\base\source\playerinfo\playerinfo.cpp(194): warning C4244: 'argument' : conversion from 'float' to 'const int', possible loss of data
     1>c:\users\155118a\desktop\sp4\sp4\base\source\playerinfo\playerinfo.cpp(200): warning C4244: '-=' : conversion from 'double' to 'float', possible loss of data
     1>c:\users\155118a\desktop\sp4\sp4\base\source\playerinfo\playerinfo.cpp(225): warning C4244: 'argument' : conversion from 'float' to 'const int', possible loss of data
     1>c:\users\155118a\desktop\sp4\sp4\base\source\playerinfo\playerinfo.cpp(257): warning C4244: '-=' : conversion from 'double' to 'float', possible loss of data
     1>c:\users\155118a\desktop\sp4\sp4\base\source\playerinfo\playerinfo.cpp(265): warning C4244: '-=' : conversion from 'double' to 'float', possible loss of data
     1>c:\users\155118a\desktop\sp4\sp4\base\source\playerinfo\playerinfo.cpp(299): warning C4244: 'argument' : conversion from 'double' to 'float', possible loss of data
     1>c:\users\155118a\desktop\sp4\sp4\base\source\playerinfo\playerinfo.cpp(307): warning C4244: 'argument' : conversion from 'double' to 'float', possible loss of data
     1>c:\users\155118a\desktop\sp4\sp4\base\source\playerinfo\playerinfo.cpp(354): warning C4244: '+=' : conversion from 'double' to 'float', possible loss of data
     1>c:\users\155118a\desktop\sp4\sp4\base\source\playerinfo\playerinfo.cpp(385): warning C4244: '+=' : conversion from 'double' to 'float', possible loss of data
     1>c:\users\155118a\desktop\sp4\sp4\base\source\playerinfo\playerinfo.cpp(386): warning C4244: '-=' : conversion from 'double' to 'float', possible loss of data
     1>c:\users\155118a\desktop\sp4\sp4\base\source\playerinfo\playerinfo.cpp(390): warning C4244: '-=' : conversion from 'double' to 'float', possible loss of data
     1>c:\users\155118a\desktop\sp4\sp4\base\source\playerinfo\playerinfo.cpp(391): warning C4244: '+=' : conversion from 'double' to 'float', possible loss of data
     1>c:\users\155118a\desktop\sp4\sp4\base\source\playerinfo\playerinfo.cpp(454): warning C4244: 'argument' : conversion from 'int' to 'float', possible loss of data
     1>c:\users\155118a\desktop\sp4\sp4\base\source\playerinfo\playerinfo.cpp(471): warning C4244: 'argument' : conversion from 'int' to 'float', possible loss of data
     1>c:\users\155118a\desktop\sp4\sp4\base\source\playerinfo\playerinfo.cpp(488): warning C4244: 'argument' : conversion from 'int' to 'float', possible loss of data
     1>c:\users\155118a\desktop\sp4\sp4\base\source\playerinfo\playerinfo.cpp(573): warning C4244: 'argument' : conversion from 'int' to 'float', possible loss of data
     1>c:\users\155118a\desktop\sp4\sp4\base\source\playerinfo\playerinfo.cpp(605): warning C4244: 'argument' : conversion from 'int' to 'float', possible loss of data
     1>c:\users\155118a\desktop\sp4\sp4\base\source\playerinfo\playerinfo.cpp(637): warning C4244: 'argument' : conversion from 'int' to 'float', possible loss of data
         Particle.cpp
     1>c:\users\155118a\desktop\sp4\sp4\common\source\entitybase.h(33): warning C4244: '=' : conversion from 'const int' to 'float', possible loss of data
     1>c:\users\155118a\desktop\sp4\sp4\base\source\spriteanimation\spriteanimation.h(37): warning C4244: '=' : conversion from 'float' to 'int', possible loss of data
     1>c:\users\155118a\desktop\sp4\sp4\base\source\spriteanimation\spriteanimation.h(39): warning C4244: '=' : conversion from 'float' to 'int', possible loss of data
     1>c:\users\155118a\desktop\sp4\sp4\base\source\particle\particle.cpp(47): warning C4244: 'argument' : conversion from 'double' to 'float', possible loss of data
     1>c:\users\155118a\desktop\sp4\sp4\base\source\particle\particle.cpp(55): warning C4244: '-=' : conversion from 'double' to 'float', possible loss of data
     1>c:\users\155118a\desktop\sp4\sp4\base\source\particle\particle.cpp(62): warning C4244: '-=' : conversion from 'double' to 'float', possible loss of data
     1>c:\users\155118a\desktop\sp4\sp4\base\source\particle\particle.cpp(63): warning C4244: '-=' : conversion from 'double' to 'float', possible loss of data
     1>c:\users\155118a\desktop\sp4\sp4\base\source\particle\particle.cpp(64): warning C4244: '-=' : conversion from 'double' to 'float', possible loss of data
     1>c:\users\155118a\desktop\sp4\sp4\base\source\particle\particle.cpp(73): warning C4244: '+=' : conversion from 'double' to 'float', possible loss of data
     1>c:\users\155118a\desktop\sp4\sp4\base\source\particle\particle.cpp(74): warning C4244: '+=' : conversion from 'double' to 'float', possible loss of data
     1>c:\users\155118a\desktop\sp4\sp4\base\source\particle\particle.cpp(75): warning C4244: '+=' : conversion from 'double' to 'float', possible loss of data
         Obstacle.cpp
     1>c:\users\155118a\desktop\sp4\sp4\common\source\entitybase.h(33): warning C4244: '=' : conversion from 'const int' to 'float', possible loss of data
     1>c:\users\155118a\desktop\sp4\sp4\base\source\spriteanimation\spriteanimation.h(37): warning C4244: '=' : conversion from 'float' to 'int', possible loss of data
     1>c:\users\155118a\desktop\sp4\sp4\base\source\spriteanimation\spriteanimation.h(39): warning C4244: '=' : conversion from 'float' to 'int', possible loss of data
     1>c:\users\155118a\desktop\sp4\sp4\base\source\level\room.h(79): warning C4244: 'argument' : conversion from 'const int' to 'float', possible loss of data
     1>c:\users\155118a\desktop\sp4\sp4\base\source\obstacle\obstacle.cpp(12): warning C4244: 'argument' : conversion from 'const int' to 'float', possible loss of data
     1>c:\users\155118a\desktop\sp4\sp4\base\source\obstacle\obstacle.cpp(24): warning C4244: 'initializing' : conversion from 'float' to 'int', possible loss of data
     1>c:\users\155118a\desktop\sp4\sp4\base\source\obstacle\obstacle.cpp(26): warning C4244: 'argument' : conversion from 'int' to 'float', possible loss of data
     1>c:\users\155118a\desktop\sp4\sp4\base\source\obstacle\obstacle.cpp(30): warning C4244: 'argument' : conversion from 'float' to 'const int', possible loss of data
         SpatialPartition.cpp
     1>c:\users\155118a\desktop\sp4\sp4\common\source\entitybase.h(33): warning C4244: '=' : conversion from 'const int' to 'float', possible loss of data
     1>c:\users\155118a\desktop\sp4\sp4\base\source\spriteanimation\spriteanimation.h(37): warning C4244: '=' : conversion from 'float' to 'int', possible loss of data
     1>c:\users\155118a\desktop\sp4\sp4\base\source\spriteanimation\spriteanimation.h(39): warning C4244: '=' : conversion from 'float' to 'int', possible loss of data
     1>c:\users\155118a\desktop\sp4\sp4\base\source\level\room.h(79): warning C4244: 'argument' : conversion from 'const int' to 'float', possible loss of data
     1>c:\users\155118a\desktop\sp4\sp4\base\source\level\spatialpartition.cpp(136): warning C4018: '<' : signed/unsigned mismatch
     1>c:\users\155118a\desktop\sp4\sp4\base\source\level\spatialpartition.cpp(160): warning C4244: 'argument' : conversion from 'int' to 'float', possible loss of data
     1>c:\users\155118a\desktop\sp4\sp4\base\source\level\spatialpartition.cpp(162): warning C4244: 'argument' : conversion from 'int' to 'float', possible loss of data
         Room.cpp
     1>c:\users\155118a\desktop\sp4\sp4\common\source\entitybase.h(33): warning C4244: '=' : conversion from 'const int' to 'float', possible loss of data
     1>c:\users\155118a\desktop\sp4\sp4\base\source\level\room.h(79): warning C4244: 'argument' : conversion from 'const int' to 'float', possible loss of data
     1>c:\users\155118a\desktop\sp4\sp4\base\source\spriteanimation\spriteanimation.h(37): warning C4244: '=' : conversion from 'float' to 'int', possible loss of data
     1>c:\users\155118a\desktop\sp4\sp4\base\source\spriteanimation\spriteanimation.h(39): warning C4244: '=' : conversion from 'float' to 'int', possible loss of data
     1>c:\users\155118a\desktop\sp4\sp4\base\source\level\room.cpp(92): warning C4244: 'argument' : conversion from 'const int' to 'float', possible loss of data
         Minimap.cpp
     1>c:\users\155118a\desktop\sp4\sp4\common\source\entitybase.h(33): warning C4244: '=' : conversion from 'const int' to 'float', possible loss of data
     1>c:\users\155118a\desktop\sp4\sp4\base\source\spriteanimation\spriteanimation.h(37): warning C4244: '=' : conversion from 'float' to 'int', possible loss of data
     1>c:\users\155118a\desktop\sp4\sp4\base\source\spriteanimation\spriteanimation.h(39): warning C4244: '=' : conversion from 'float' to 'int', possible loss of data
     1>c:\users\155118a\desktop\sp4\sp4\base\source\level\room.h(79): warning C4244: 'argument' : conversion from 'const int' to 'float', possible loss of data
     1>c:\users\155118a\desktop\sp4\sp4\base\source\level\minimap.cpp(19): warning C4244: 'argument' : conversion from 'int' to 'float', possible loss of data
     1>c:\users\155118a\desktop\sp4\sp4\base\source\level\minimap.cpp(31): warning C4244: 'argument' : conversion from 'int' to 'float', possible loss of data
     1>c:\users\155118a\desktop\sp4\sp4\base\source\level\minimap.cpp(48): warning C4244: 'argument' : conversion from 'const int' to 'float', possible loss of data
     1>c:\users\155118a\desktop\sp4\sp4\base\source\level\minimap.cpp(65): warning C4244: 'argument' : conversion from 'const int' to 'float', possible loss of data
     1>c:\users\155118a\desktop\sp4\sp4\base\source\level\minimap.cpp(72): warning C4244: 'argument' : conversion from 'const int' to 'float', possible loss of data
         Level.cpp
     1>c:\users\155118a\desktop\sp4\sp4\common\source\entitybase.h(33): warning C4244: '=' : conversion from 'const int' to 'float', possible loss of data
     1>c:\users\155118a\desktop\sp4\sp4\base\source\spriteanimation\spriteanimation.h(37): warning C4244: '=' : conversion from 'float' to 'int', possible loss of data
     1>c:\users\155118a\desktop\sp4\sp4\base\source\spriteanimation\spriteanimation.h(39): warning C4244: '=' : conversion from 'float' to 'int', possible loss of data
     1>c:\users\155118a\desktop\sp4\sp4\base\source\level\room.h(79): warning C4244: 'argument' : conversion from 'const int' to 'float', possible loss of data
     1>c:\users\155118a\desktop\sp4\sp4\base\source\level\level.cpp(39): warning C4018: '<' : signed/unsigned mismatch
     1>c:\users\155118a\desktop\sp4\sp4\base\source\level\level.cpp(60): warning C4244: 'argument' : conversion from 'const int' to 'float', possible loss of data
     1>c:\users\155118a\desktop\sp4\sp4\base\source\level\level.cpp(67): warning C4244: 'argument' : conversion from 'const int' to 'float', possible loss of data
     1>c:\users\155118a\desktop\sp4\sp4\base\source\level\level.cpp(69): warning C4244: 'argument' : conversion from 'const int' to 'float', possible loss of data
     1>c:\users\155118a\desktop\sp4\sp4\base\source\level\level.cpp(77): warning C4244: 'argument' : conversion from 'const int' to 'float', possible loss of data
     1>c:\users\155118a\desktop\sp4\sp4\base\source\level\level.cpp(79): warning C4244: 'argument' : conversion from 'const int' to 'float', possible loss of data
     1>c:\users\155118a\desktop\sp4\sp4\base\source\level\level.cpp(87): warning C4244: 'argument' : conversion from 'const int' to 'float', possible loss of data
     1>c:\users\155118a\desktop\sp4\sp4\base\source\level\level.cpp(89): warning C4244: 'argument' : conversion from 'const int' to 'float', possible loss of data
     1>c:\users\155118a\desktop\sp4\sp4\base\source\level\level.cpp(97): warning C4244: 'argument' : conversion from 'const int' to 'float', possible loss of data
     1>c:\users\155118a\desktop\sp4\sp4\base\source\level\level.cpp(99): warning C4244: 'argument' : conversion from 'const int' to 'float', possible loss of data
     1>c:\users\155118a\desktop\sp4\sp4\base\source\level\level.cpp(109): warning C4018: '<' : signed/unsigned mismatch
     1>c:\users\155118a\desktop\sp4\sp4\base\source\level\level.cpp(128): warning C4018: '<' : signed/unsigned mismatch
     1>c:\users\155118a\desktop\sp4\sp4\base\source\level\level.cpp(130): warning C4244: 'argument' : conversion from 'const int' to 'float', possible loss of data
     1>c:\users\155118a\desktop\sp4\sp4\base\source\level\level.cpp(206): warning C4244: 'argument' : conversion from 'int' to 'float', possible loss of data
     1>c:\users\155118a\desktop\sp4\sp4\base\source\level\level.cpp(228): warning C4244: 'argument' : conversion from 'float' to 'const int', possible loss of data
     1>c:\users\155118a\desktop\sp4\sp4\base\source\level\level.cpp(250): warning C4244: 'argument' : conversion from 'float' to 'const int', possible loss of data
     1>c:\users\155118a\desktop\sp4\sp4\base\source\level\level.cpp(253): warning C4244: 'argument' : conversion from 'float' to 'const int', possible loss of data
     1>c:\users\155118a\desktop\sp4\sp4\base\source\level\level.cpp(256): warning C4244: 'argument' : conversion from 'float' to 'const int', possible loss of data
     1>c:\users\155118a\desktop\sp4\sp4\base\source\level\level.cpp(259): warning C4244: 'argument' : conversion from 'float' to 'const int', possible loss of data
     1>c:\users\155118a\desktop\sp4\sp4\base\source\level\level.cpp(262): warning C4244: 'argument' : conversion from 'float' to 'const int', possible loss of data
     1>c:\users\155118a\desktop\sp4\sp4\base\source\level\level.cpp(265): warning C4244: 'argument' : conversion from 'float' to 'const int', possible loss of data
     1>c:\users\155118a\desktop\sp4\sp4\base\source\level\level.cpp(268): warning C4244: 'argument' : conversion from 'float' to 'const int', possible loss of data
     1>c:\users\155118a\desktop\sp4\sp4\base\source\level\level.cpp(271): warning C4244: 'argument' : conversion from 'float' to 'const int', possible loss of data
     1>c:\users\155118a\desktop\sp4\sp4\base\source\level\level.cpp(277): warning C4244: 'argument' : conversion from 'float' to 'const int', possible loss of data
     1>c:\users\155118a\desktop\sp4\sp4\base\source\level\level.cpp(278): warning C4244: 'argument' : conversion from 'float' to 'const int', possible loss of data
     1>c:\program files (x86)\microsoft visual studio 12.0\vc\include\tuple(746): warning C4351: new behavior: elements of array 'std::pair<const _Kty,_Ty>::second' will be default initialized
                 with
                 [
                     _Kty=int
         ,            _Ty=int [4]
                 ]
                 c:\program files (x86)\microsoft visual studio 12.0\vc\include\tuple(762) : see reference to function template instantiation 'std::pair<const _Kty,_Ty>::pair<std::tuple<const int &>,std::tuple<>,0,>(_Tuple1 &,_Tuple2 &,std::_Arg_idx<0>,std::_Arg_idx<>)' being compiled
                 with
                 [
                     _Kty=int
         ,            _Ty=int [4]
         ,            _Tuple1=std::tuple<const int &>
         ,            _Tuple2=std::tuple<>
                 ]
                 c:\program files (x86)\microsoft visual studio 12.0\vc\include\tuple(762) : see reference to function template instantiation 'std::pair<const _Kty,_Ty>::pair<std::tuple<const int &>,std::tuple<>,0,>(_Tuple1 &,_Tuple2 &,std::_Arg_idx<0>,std::_Arg_idx<>)' being compiled
                 with
                 [
                     _Kty=int
         ,            _Ty=int [4]
         ,            _Tuple1=std::tuple<const int &>
         ,            _Tuple2=std::tuple<>
                 ]
                 c:\program files (x86)\microsoft visual studio 12.0\vc\include\xmemory0(600) : see reference to function template instantiation 'std::pair<const _Kty,_Ty>::pair<const int&,>(std::piecewise_construct_t,std::tuple<const int &>,std::tuple<>)' being compiled
                 with
                 [
                     _Kty=int
         ,            _Ty=int [4]
                 ]
                 c:\program files (x86)\microsoft visual studio 12.0\vc\include\xmemory0(600) : see reference to function template instantiation 'std::pair<const _Kty,_Ty>::pair<const int&,>(std::piecewise_construct_t,std::tuple<const int &>,std::tuple<>)' being compiled
                 with
                 [
                     _Kty=int
         ,            _Ty=int [4]
                 ]
                 c:\program files (x86)\microsoft visual studio 12.0\vc\include\xmemory0(723) : see reference to function template instantiation 'void std::allocator<_Other>::construct<_Objty,const std::piecewise_construct_t&,_Ty,std::tuple<>>(_Objty *,const std::piecewise_construct_t &,_Ty &&,std::tuple<> &&)' being compiled
                 with
                 [
                     _Other=std::_Tree_node<std::pair<const int,int [4]>,void *>
         ,            _Objty=std::pair<const int,int [4]>
         ,            _Ty=std::tuple<const int &>
                 ]
                 c:\program files (x86)\microsoft visual studio 12.0\vc\include\xmemory0(723) : see reference to function template instantiation 'void std::allocator<_Other>::construct<_Objty,const std::piecewise_construct_t&,_Ty,std::tuple<>>(_Objty *,const std::piecewise_construct_t &,_Ty &&,std::tuple<> &&)' being compiled
                 with
                 [
                     _Other=std::_Tree_node<std::pair<const int,int [4]>,void *>
         ,            _Objty=std::pair<const int,int [4]>
         ,            _Ty=std::tuple<const int &>
                 ]
                 c:\program files (x86)\microsoft visual studio 12.0\vc\include\xmemory0(872) : see reference to function template instantiation 'void std::allocator_traits<_Alloc>::construct<_Ty,const std::piecewise_construct_t&,std::tuple<const int &>,std::tuple<>>(std::allocator<_Other> &,_Objty *,const std::piecewise_construct_t &,std::tuple<const int &> &&,std::tuple<> &&)' being compiled
                 with
                 [
                     _Alloc=std::allocator<std::_Tree_node<std::pair<const int,int [4]>,void *>>
         ,            _Ty=std::pair<const int,int [4]>
         ,            _Other=std::_Tree_node<std::pair<const int,int [4]>,void *>
         ,            _Objty=std::pair<const int,int [4]>
                 ]
                 c:\program files (x86)\microsoft visual studio 12.0\vc\include\xmemory0(872) : see reference to function template instantiation 'void std::allocator_traits<_Alloc>::construct<_Ty,const std::piecewise_construct_t&,std::tuple<const int &>,std::tuple<>>(std::allocator<_Other> &,_Objty *,const std::piecewise_construct_t &,std::tuple<const int &> &&,std::tuple<> &&)' being compiled
                 with
                 [
                     _Alloc=std::allocator<std::_Tree_node<std::pair<const int,int [4]>,void *>>
         ,            _Ty=std::pair<const int,int [4]>
         ,            _Other=std::_Tree_node<std::pair<const int,int [4]>,void *>
         ,            _Objty=std::pair<const int,int [4]>
                 ]
                 c:\program files (x86)\microsoft visual studio 12.0\vc\include\xtree(933) : see reference to function template instantiation 'void std::_Wrap_alloc<std::allocator<_Other>>::construct<_Ty,const std::piecewise_construct_t&,std::tuple<const int &>,std::tuple<>>(_Ty *,const std::piecewise_construct_t &,std::tuple<const int &> &&,std::tuple<> &&)' being compiled
                 with
                 [
                     _Other=std::_Tree_node<std::pair<const int,int [4]>,void *>
         ,            _Ty=std::pair<const int,int [4]>
                 ]
                 c:\program files (x86)\microsoft visual studio 12.0\vc\include\xtree(933) : see reference to function template instantiation 'void std::_Wrap_alloc<std::allocator<_Other>>::construct<_Ty,const std::piecewise_construct_t&,std::tuple<const int &>,std::tuple<>>(_Ty *,const std::piecewise_construct_t &,std::tuple<const int &> &&,std::tuple<> &&)' being compiled
                 with
                 [
                     _Other=std::_Tree_node<std::pair<const int,int [4]>,void *>
         ,            _Ty=std::pair<const int,int [4]>
                 ]
                 c:\program files (x86)\microsoft visual studio 12.0\vc\include\xtree(1184) : see reference to function template instantiation 'std::_Tree_node<std::pair<const _Kty,_Ty>,void *> *std::_Tree_buy<std::pair<const _Kty,_Ty>,std::allocator<std::pair<const _Kty,_Ty>>>::_Buynode<const std::piecewise_construct_t&,std::tuple<const int &>,std::tuple<>>(const std::piecewise_construct_t &,std::tuple<const int &> &&,std::tuple<> &&)' being compiled
                 with
                 [
                     _Kty=int
         ,            _Ty=int [4]
                 ]
                 c:\program files (x86)\microsoft visual studio 12.0\vc\include\xtree(1184) : see reference to function template instantiation 'std::_Tree_node<std::pair<const _Kty,_Ty>,void *> *std::_Tree_buy<std::pair<const _Kty,_Ty>,std::allocator<std::pair<const _Kty,_Ty>>>::_Buynode<const std::piecewise_construct_t&,std::tuple<const int &>,std::tuple<>>(const std::piecewise_construct_t &,std::tuple<const int &> &&,std::tuple<> &&)' being compiled
                 with
                 [
                     _Kty=int
         ,            _Ty=int [4]
                 ]
                 c:\program files (x86)\microsoft visual studio 12.0\vc\include\map(233) : see reference to function template instantiation 'std::_Tree_iterator<std::_Tree_val<std::_Tree_simple_types<std::pair<const _Kty,_Ty>>>> std::_Tree<std::_Tmap_traits<_Kty,_Ty,_Pr,_Alloc,false>>::emplace_hint<const std::piecewise_construct_t&,std::tuple<const int &>,std::tuple<>>(std::_Tree_const_iterator<std::_Tree_val<std::_Tree_simple_types<std::pair<const _Kty,_Ty>>>>,const std::piecewise_construct_t &,std::tuple<const int &> &&,std::tuple<> &&)' being compiled
                 with
                 [
                     _Kty=int
         ,            _Ty=int [4]
         ,            _Pr=std::less<int>
         ,            _Alloc=std::allocator<std::pair<const int,int [4]>>
                 ]
                 c:\program files (x86)\microsoft visual studio 12.0\vc\include\map(233) : see reference to function template instantiation 'std::_Tree_iterator<std::_Tree_val<std::_Tree_simple_types<std::pair<const _Kty,_Ty>>>> std::_Tree<std::_Tmap_traits<_Kty,_Ty,_Pr,_Alloc,false>>::emplace_hint<const std::piecewise_construct_t&,std::tuple<const int &>,std::tuple<>>(std::_Tree_const_iterator<std::_Tree_val<std::_Tree_simple_types<std::pair<const _Kty,_Ty>>>>,const std::piecewise_construct_t &,std::tuple<const int &> &&,std::tuple<> &&)' being compiled
                 with
                 [
                     _Kty=int
         ,            _Ty=int [4]
         ,            _Pr=std::less<int>
         ,            _Alloc=std::allocator<std::pair<const int,int [4]>>
                 ]
                 c:\program files (x86)\microsoft visual studio 12.0\vc\include\map(225) : while compiling class template member function 'int (&std::map<int,int [4],std::less<_Kty>,std::allocator<std::pair<const _Kty,_Ty>>>::operator [](const int &))[4]'
                 with
                 [
                     _Kty=int
         ,            _Ty=int [4]
                 ]
                 c:\users\155118a\desktop\sp4\sp4\base\source\level\level.cpp(150) : see reference to function template instantiation 'int (&std::map<int,int [4],std::less<_Kty>,std::allocator<std::pair<const _Kty,_Ty>>>::operator [](const int &))[4]' being compiled
                 with
                 [
                     _Kty=int
         ,            _Ty=int [4]
                 ]
                 c:\users\155118a\desktop\sp4\sp4\base\source\level\level.h(31) : see reference to class template instantiation 'std::map<int,int [4],std::less<_Kty>,std::allocator<std::pair<const _Kty,_Ty>>>' being compiled
                 with
                 [
                     _Kty=int
         ,            _Ty=int [4]
                 ]
         GenerateHeatmap.cpp
     1>c:\users\155118a\desktop\sp4\sp4\common\source\entitybase.h(33): warning C4244: '=' : conversion from 'const int' to 'float', possible loss of data
     1>c:\users\155118a\desktop\sp4\sp4\base\source\spriteanimation\spriteanimation.h(37): warning C4244: '=' : conversion from 'float' to 'int', possible loss of data
     1>c:\users\155118a\desktop\sp4\sp4\base\source\spriteanimation\spriteanimation.h(39): warning C4244: '=' : conversion from 'float' to 'int', possible loss of data
     1>c:\users\155118a\desktop\sp4\sp4\base\source\level\room.h(79): warning C4244: 'argument' : conversion from 'const int' to 'float', possible loss of data
     1>c:\users\155118a\desktop\sp4\sp4\base\source\level\generateheatmap.cpp(26): warning C4244: 'argument' : conversion from 'int' to 'float', possible loss of data
     1>c:\users\155118a\desktop\sp4\sp4\base\source\level\generateheatmap.cpp(49): warning C4244: 'argument' : conversion from 'const int' to 'float', possible loss of data
     1>c:\users\155118a\desktop\sp4\sp4\base\source\level\generateheatmap.cpp(50): warning C4244: 'argument' : conversion from 'const int' to 'float', possible loss of data
     1>c:\users\155118a\desktop\sp4\sp4\base\source\level\generateheatmap.cpp(51): warning C4244: 'argument' : conversion from 'const int' to 'float', possible loss of data
     1>c:\users\155118a\desktop\sp4\sp4\base\source\level\generateheatmap.cpp(52): warning C4244: 'argument' : conversion from 'const int' to 'float', possible loss of data
     1>c:\users\155118a\desktop\sp4\sp4\base\source\level\generateheatmap.cpp(69): warning C4244: 'initializing' : conversion from 'float' to 'int', possible loss of data
     1>c:\users\155118a\desktop\sp4\sp4\base\source\level\generateheatmap.cpp(70): warning C4244: 'initializing' : conversion from 'float' to 'int', possible loss of data
     1>c:\users\155118a\desktop\sp4\sp4\base\source\level\generateheatmap.cpp(103): warning C4244: 'argument' : conversion from 'const int' to 'float', possible loss of data
     1>c:\users\155118a\desktop\sp4\sp4\base\source\level\generateheatmap.cpp(104): warning C4244: 'argument' : conversion from 'int' to 'float', possible loss of data
     1>c:\users\155118a\desktop\sp4\sp4\base\source\level\generateheatmap.cpp(114): warning C4244: 'initializing' : conversion from 'float' to 'int', possible loss of data
     1>c:\users\155118a\desktop\sp4\sp4\base\source\level\generateheatmap.cpp(117): warning C4244: 'argument' : conversion from 'float' to 'const int', possible loss of data
         Treasure.cpp
     1>c:\users\155118a\desktop\sp4\sp4\common\source\entitybase.h(33): warning C4244: '=' : conversion from 'const int' to 'float', possible loss of data
     1>c:\users\155118a\desktop\sp4\sp4\base\source\spriteanimation\spriteanimation.h(37): warning C4244: '=' : conversion from 'float' to 'int', possible loss of data
     1>c:\users\155118a\desktop\sp4\sp4\base\source\spriteanimation\spriteanimation.h(39): warning C4244: '=' : conversion from 'float' to 'int', possible loss of data
         Powerup.cpp
     1>c:\users\155118a\desktop\sp4\sp4\common\source\entitybase.h(33): warning C4244: '=' : conversion from 'const int' to 'float', possible loss of data
     1>c:\users\155118a\desktop\sp4\sp4\base\source\spriteanimation\spriteanimation.h(37): warning C4244: '=' : conversion from 'float' to 'int', possible loss of data
     1>c:\users\155118a\desktop\sp4\sp4\base\source\spriteanimation\spriteanimation.h(39): warning C4244: '=' : conversion from 'float' to 'int', possible loss of data
         GenericEntity.cpp
     1>c:\users\155118a\desktop\sp4\sp4\common\source\entitybase.h(33): warning C4244: '=' : conversion from 'const int' to 'float', possible loss of data
     1>c:\users\155118a\desktop\sp4\sp4\base\source\spriteanimation\spriteanimation.h(37): warning C4244: '=' : conversion from 'float' to 'int', possible loss of data
     1>c:\users\155118a\desktop\sp4\sp4\base\source\spriteanimation\spriteanimation.h(39): warning C4244: '=' : conversion from 'float' to 'int', possible loss of data
         Generating Code...
     1>c:\users\155118a\desktop\sp4\sp4\base\source\level\spatialpartition.cpp(253): warning C4715: 'CSpatialPartition::GetGridType' : not all control paths return a value
     1>c:\users\155118a\desktop\sp4\sp4\base\source\level\spatialpartition.cpp(245): warning C4715: 'CSpatialPartition::GetGridPos' : not all control paths return a value
     1>c:\users\155118a\desktop\sp4\sp4\base\source\level\spatialpartition.cpp(301): warning C4715: 'CSpatialPartition::GetObjects' : not all control paths return a value
       Link:
         C:\Program Files (x86)\Microsoft Visual Studio 12.0\VC\bin\link.exe /ERRORREPORT:PROMPT /OUT:"C:\Users\155118A\Desktop\SP4\SP4\Debug\Base.exe" /INCREMENTAL:NO /NOLOGO /LIBPATH:C:\Users\155118A\Desktop\SP4\SP4\Debug /LIBPATH:"C:\Users\155118A\Desktop\SP4\SP4\/glfw/lib-msvc100" /LIBPATH:C:\Users\155118A\Desktop\SP4\SP4\/glew/lib /LIBPATH:C:\Users\155118A\Desktop\SP4\SP4\/Lua/lib Common.lib winmm.lib opengl32.lib glu32.lib glew32.lib glfw3.lib lua5.1.lib kernel32.lib user32.lib gdi32.lib winspool.lib comdlg32.lib advapi32.lib shell32.lib ole32.lib oleaut32.lib uuid.lib odbc32.lib odbccp32.lib /MANIFEST /MANIFESTUAC:"level='asInvoker' uiAccess='false'" /manifest:embed /DEBUG /PDB:"C:\Users\155118A\Desktop\SP4\SP4\Debug\Base.pdb" /SUBSYSTEM:CONSOLE /TLBID:1 /DYNAMICBASE /NXCOMPAT /IMPLIB:"C:\Users\155118A\Desktop\SP4\SP4\Debug\Base.lib" /MACHINE:X86 /PROFILE Debug\Application.obj
         Debug\Camera.obj
         Debug\Chaser.obj
         Debug\Enemy.obj
         Debug\Enemy2D.obj
         Debug\Reaper.obj
         Debug\Spitter.obj
         Debug\FlyingTongue.obj
         Debug\Skull.obj
         Debug\EntityManager.obj
         Debug\FPSCamera.obj
         Debug\HelpState.obj
         Debug\IntroState.obj
         Debug\MenuState.obj
         Debug\OptionState.obj
         Debug\GenericEntity.obj
         Debug\Powerup.obj
         Debug\Treasure.obj
         Debug\GenerateHeatmap.obj
         Debug\Grid.obj
         Debug\Heatmap.obj
         Debug\Level.obj
         Debug\Minimap.obj
         Debug\Room.obj
         Debug\SpatialPartition.obj
         Debug\Light.obj
         Debug\LuaInterface.obj
         Debug\main.obj
         Debug\OBJMesh.obj
         Debug\Obstacle.obj
         Debug\Particle.obj
         Debug\PlayerInfo.obj
         Debug\Ghast.obj
         Debug\Projectile.obj
         Debug\Spit.obj
         Debug\Transform.obj
         Debug\UpdateTransformation.obj
         Debug\SceneText.obj
         Debug\SpriteAnimation.obj
         Debug\SpriteEntity.obj
         Debug\TextEntity.obj
         Debug\Waypoint.obj
         Debug\WaypointManager.obj
         Debug\Laser.obj
         Debug\LaserBlaster.obj
         Debug\WeaponInfo.obj
     1>Application.obj : warning LNK4075: ignoring '/EDITANDCONTINUE' due to '/OPT:LBR' specification
     1>LINK : warning LNK4098: defaultlib 'MSVCRT' conflicts with use of other libs; use /NODEFAULTLIB:library
         Base.vcxproj -> C:\Users\155118A\Desktop\SP4\SP4\Debug\Base.exe
     1>Done Building Project "C:\Users\155118A\Desktop\SP4\SP4\Base\Base.vcxproj" (Build target(s)).

Build succeeded.

Time Elapsed 00:00:20.51
