c:\users\155117g\downloads\nyp_framework\nyp_framework\base\debug\vc120.pdb
c:\users\155117g\downloads\nyp_framework\nyp_framework\base\debug\vc120.idb
c:\users\155117g\downloads\nyp_framework\nyp_framework\base\debug\fpscamera.obj
c:\users\155117g\downloads\nyp_framework\nyp_framework\base\debug\light.obj
c:\users\155117g\downloads\nyp_framework\nyp_framework\base\debug\main.obj
c:\users\155117g\downloads\nyp_framework\nyp_framework\base\debug\objmesh.obj
c:\users\155117g\downloads\nyp_framework\nyp_framework\base\debug\playerinfo.obj
c:\users\155117g\downloads\nyp_framework\nyp_framework\base\debug\laserblaster.obj
c:\users\155117g\downloads\nyp_framework\nyp_framework\base\debug\pistol.obj
c:\users\155117g\downloads\nyp_framework\nyp_framework\base\debug\weaponinfo.obj
c:\users\155117g\downloads\nyp_framework\nyp_framework\base\debug\entitymanager.obj
c:\users\155117g\downloads\nyp_framework\nyp_framework\base\debug\genericentity.obj
c:\users\155117g\downloads\nyp_framework\nyp_framework\base\debug\groundentity.obj
c:\users\155117g\downloads\nyp_framework\nyp_framework\base\debug\projectile.obj
c:\users\155117g\downloads\nyp_framework\nyp_framework\base\debug\skyboxentity.obj
c:\users\155117g\downloads\nyp_framework\nyp_framework\base\debug\spriteentity.obj
c:\users\155117g\downloads\nyp_framework\nyp_framework\base\debug\textentity.obj
c:\users\155117g\downloads\nyp_framework\nyp_framework\base\debug\laser.obj
c:\users\155117g\downloads\nyp_framework\nyp_framework\base\debug\updatetransformation.obj
c:\users\155117g\downloads\nyp_framework\nyp_framework\base\debug\application.obj
c:\users\155117g\downloads\nyp_framework\nyp_framework\base\debug\base.tlog\cl.command.1.tlog
c:\users\155117g\downloads\nyp_framework\nyp_framework\base\debug\base.tlog\cl.read.1.tlog
c:\users\155117g\downloads\nyp_framework\nyp_framework\base\debug\base.tlog\cl.write.1.tlog
